<?xml version="1.0" encoding="UTF-8"?>
<testsuite xmlns:xsi="http://www.w3.org/2001/XMLSchema-instance" xsi:noNamespaceSchemaLocation="https://maven.apache.org/surefire/maven-surefire-plugin/xsd/surefire-test-report-3.0.xsd" version="3.0" name="ProductUnitTest" time="0.071" tests="11" errors="0" skipped="0" failures="0">
  <properties>
[...]
</properties>
  <testcase name="testGetArtistName" classname="ProductUnitTest" time="0.014"/>
  <testcase name="testSelectProduct" classname="ProductUnitTest" time="0.008"/>
  <testcase name="testSelectProducts" classname="ProductUnitTest" time="0.002"/>
  <testcase name="testUpdateProduct" classname="ProductUnitTest" time="0.002"/>
  <testcase name="testGetImageURL" classname="ProductUnitTest" time="0.003"/>
  <testcase name="testGetProductType" classname="ProductUnitTest" time="0.002"/>
  <testcase name="testGetPriceCurrencyFormat" classname="ProductUnitTest" time="0.009"/>
  <testcase name="testInsertProduct" classname="ProductUnitTest" time="0.002"/>
  <testcase name="testGetAlbumName" classname="ProductUnitTest" time="0.0"/>
  <testcase name="testExists" classname="ProductUnitTest" time="0.002"/>
  <testcase name="testDeleteProduct" classname="ProductUnitTest" time="0.003"/>
</testsuite>